<?xml version="1.0" encoding="UTF-8"?>
<testsuite xmlns:xsi="http://www.w3.org/2001/XMLSchema-instance" xsi:noNamespaceSchemaLocation="https://maven.apache.org/surefire/maven-surefire-plugin/xsd/surefire-test-report.xsd" name="BotTest" time="0.458" tests="4" errors="0" skipped="0" failures="0">
  <properties>
[...]
</properties>
  <testcase name="getToken_ReturnsRightToken" classname="BotTest" time="0.012"/>
  <testcase name="getMainMenuKeyboard_ReturnsCorrectKeyboard" classname="BotTest" time="0"/>
  <testcase name="onUpdateReceived_IsCalledCorrectly" classname="BotTest" time="0.002"/>
  <testcase name="getUsername_ReturnsRigthUsername" classname="BotTest" time="0"/>
</testsuite>